<?xml version="1.0" encoding="UTF-8"?>
<!-- Generated by org.testng.reporters.JUnitReportReporter -->
<testsuite hostname="DESKTOP-OQCH81E" failures="0" tests="2" name="com.crm.comcast.orgTest_practice.createOrgFileTest" time="0.002" errors="0" timestamp="2024-11-08T11:06:00 IST" skipped="0">
  <testcase classname="com.crm.comcast.orgTest_practice.createOrgFileTest" name="createOrg" time="0.000"/>
  <system-out>
    <![CDATA[====>createOrg<=======START=====
====>createOrg<=======END=====]]>
  </system-out>
  <testcase classname="com.crm.comcast.orgTest_practice.createOrgFileTest" name="createOrgwithIndu" time="0.002"/>
  <system-out>
    <![CDATA[====>createOrgwithIndu<=======START=====
====>createOrgwithIndu<=======END=====]]>
  </system-out>
</testsuite> <!-- com.crm.comcast.orgTest_practice.createOrgFileTest -->
