<?xml version="1.0" encoding="UTF-8"?>
<!-- Generated by org.testng.reporters.JUnitReportReporter -->
<testsuite hostname="DESKTOP-OQCH81E" failures="0" tests="1" name="practice_Opportunities.practice_CreateOpportunitiesWithOrgTest_TC5" time="18.837" errors="0" timestamp="2024-11-08T15:24:12 IST" skipped="0">
  <testcase classname="practice_Opportunities.practice_CreateOpportunitiesWithOrgTest_TC5" name="practice_createOpp_Org_Test" time="18.837"/>
  <system-out>
    <![CDATA[====>practice_createOpp_Org_Test<=======START=====
====>practice_createOpp_Org_Test<=======END=====]]>
  </system-out>
</testsuite> <!-- practice_Opportunities.practice_CreateOpportunitiesWithOrgTest_TC5 -->
