<?xml version="1.0" encoding="UTF-8"?>
<!-- Generated by org.testng.reporters.JUnitReportReporter -->
<testsuite hostname="DESKTOP-OQCH81E" failures="0" tests="11" name="practice.testng.OrderTest" time="0.008" errors="0" timestamp="2024-11-08T11:06:00 IST" skipped="1">
  <testcase classname="practice.testng.OrderTest" name="createOrderTest" time="0.001"/>
  <system-out>
    <![CDATA[====>createOrderTest<=======START=====
====>createOrderTest<=======END=====]]>
  </system-out>
  <testcase classname="practice.testng.OrderTest" name="createOrderTest" time="0.001"/>
  <system-out>
    <![CDATA[====>createOrderTest<=======START=====
====>createOrderTest<=======END=====]]>
  </system-out>
  <testcase classname="practice.testng.OrderTest" name="createOrderTest" time="0.001"/>
  <system-out>
    <![CDATA[====>createOrderTest<=======START=====
====>createOrderTest<=======END=====]]>
  </system-out>
  <testcase classname="practice.testng.OrderTest" name="createOrderTest" time="0.001"/>
  <system-out>
    <![CDATA[====>createOrderTest<=======START=====
====>createOrderTest<=======END=====]]>
  </system-out>
  <testcase classname="practice.testng.OrderTest" name="createOrderTest" time="0.000"/>
  <system-out>
    <![CDATA[====>createOrderTest<=======START=====
====>createOrderTest<=======END=====]]>
  </system-out>
  <testcase classname="practice.testng.OrderTest" name="createOrderTest" time="0.001"/>
  <system-out>
    <![CDATA[====>createOrderTest<=======START=====
====>createOrderTest<=======END=====]]>
  </system-out>
  <testcase classname="practice.testng.OrderTest" name="createOrderTest" time="0.001"/>
  <system-out>
    <![CDATA[====>createOrderTest<=======START=====
====>createOrderTest<=======END=====]]>
  </system-out>
  <testcase classname="practice.testng.OrderTest" name="createOrderTest" time="0.001"/>
  <system-out>
    <![CDATA[====>createOrderTest<=======START=====
====>createOrderTest<=======END=====]]>
  </system-out>
  <testcase classname="practice.testng.OrderTest" name="createOrderTest" time="0.000"/>
  <system-out>
    <![CDATA[====>createOrderTest<=======START=====
====>createOrderTest<=======END=====]]>
  </system-out>
  <testcase classname="practice.testng.OrderTest" name="createOrderTest" time="0.001"/>
  <system-out>
    <![CDATA[====>createOrderTest<=======START=====
====>createOrderTest<=======END=====]]>
  </system-out>
  <testcase classname="practice.testng.OrderTest" name="billingOrderTest">
    <skipped/>
  </testcase> <!-- billingOrderTest -->
  <system-out/>
</testsuite> <!-- practice.testng.OrderTest -->
