<?xml version="1.0" encoding="UTF-8"?>
<!-- Generated by org.testng.reporters.JUnitReportReporter -->
<testsuite hostname="DESKTOP-OQCH81E" failures="0" tests="1" name="practice_CalendarEvent.practice_CreateCalendarEventTest_TC6" time="14.390" errors="0" timestamp="2024-11-08T15:24:12 IST" skipped="0">
  <testcase classname="practice_CalendarEvent.practice_CreateCalendarEventTest_TC6" name="practice_CreateCalendarEvent_Test" time="14.390"/>
  <system-out>
    <![CDATA[====>practice_CreateCalendarEvent_Test<=======START=====
pommeeting321
08
10
PM
09
20
PM
====>practice_CreateCalendarEvent_Test<=======END=====]]>
  </system-out>
</testsuite> <!-- practice_CalendarEvent.practice_CreateCalendarEventTest_TC6 -->
