<?xml version="1.0" encoding="UTF-8"?>
<!-- Generated by org.testng.reporters.JUnitReportReporter -->
<testsuite hostname="DESKTOP-OQCH81E" failures="0" tests="3" name="practice.testng.ContactDependentTest" time="0.002" errors="0" timestamp="2024-11-08T11:06:00 IST" skipped="0">
  <testcase classname="practice.testng.ContactDependentTest" name="modifyContactTest" time="0.001"/>
  <system-out>
    <![CDATA[====>modifyContactTest<=======START=====
====>modifyContactTest<=======END=====]]>
  </system-out>
  <testcase classname="practice.testng.ContactDependentTest" name="deleleteContactTest" time="0.001"/>
  <system-out>
    <![CDATA[====>deleleteContactTest<=======START=====
====>deleleteContactTest<=======END=====]]>
  </system-out>
  <testcase classname="practice.testng.ContactDependentTest" name="createContactTest" time="0.000"/>
  <system-out>
    <![CDATA[====>createContactTest<=======START=====
====>createContactTest<=======END=====]]>
  </system-out>
</testsuite> <!-- practice.testng.ContactDependentTest -->
