<?xml version="1.0" encoding="UTF-8"?>
<!-- Generated by org.testng.reporters.JUnitReportReporter -->
<testsuite hostname="DESKTOP-OQCH81E" failures="0" tests="2" name="practice.hometest.HomePageSampleTest" time="0.006" errors="0" timestamp="2024-11-08T11:06:00 IST" skipped="0">
  <testcase classname="practice.hometest.HomePageSampleTest" name="homePageTest" time="0.006"/>
  <system-out>
    <![CDATA[====>homePageTest<=======START=====
homePageTest Test Start
step-1
step-2
step-3
step-4
homePageTest Test End
====>homePageTest<=======END=====]]>
  </system-out>
  <testcase classname="practice.hometest.HomePageSampleTest" name="verifyLogoHomePageTest" time="0.000"/>
  <system-out>
    <![CDATA[====>verifyLogoHomePageTest<=======START=====
verifyLogoHomePageTest Test Start
step-1
step-2
step-3
step-4
====>verifyLogoHomePageTest<=======END=====]]>
  </system-out>
</testsuite> <!-- practice.hometest.HomePageSampleTest -->
