<?xml version="1.0" encoding="UTF-8"?>
<!-- Generated by org.testng.reporters.JUnitReportReporter -->
<testsuite hostname="DESKTOP-OQCH81E" failures="0" tests="2" name="practice_TroubleTicket.practice_createTroubleTicketTest_TC2_ContactEdit_TC3" time="31.798" errors="0" timestamp="2024-11-08T15:24:12 IST" skipped="0">
  <testcase classname="practice_TroubleTicket.practice_createTroubleTicketTest_TC2_ContactEdit_TC3" name="practice_createTroubleTickTest" time="13.116"/>
  <system-out>
    <![CDATA[====>practice_createTroubleTickTest<=======START=====
====>practice_createTroubleTickTest<=======END=====]]>
  </system-out>
  <testcase classname="practice_TroubleTicket.practice_createTroubleTicketTest_TC2_ContactEdit_TC3" name="practice_createTroubleTick_Edit_Test" time="18.682"/>
  <system-out>
    <![CDATA[====>practice_createTroubleTick_Edit_Test<=======START=====
====>practice_createTroubleTick_Edit_Test<=======END=====]]>
  </system-out>
</testsuite> <!-- practice_TroubleTicket.practice_createTroubleTicketTest_TC2_ContactEdit_TC3 -->
