<?xml version="1.0" encoding="UTF-8"?>
<!-- Generated by org.testng.reporters.JUnitReportReporter -->
<testsuite hostname="DESKTOP-OQCH81E" failures="0" tests="3" name="practice.testng.createContactUsingDataProviderTest" time="0.004" errors="0" timestamp="2024-11-08T11:06:00 IST" skipped="0">
  <testcase classname="practice.testng.createContactUsingDataProviderTest" name="createContactTest" time="0.001"/>
  <system-out>
    <![CDATA[====>createContactTest<=======START=====
====>createContactTest<=======END=====]]>
  </system-out>
  <testcase classname="practice.testng.createContactUsingDataProviderTest" name="createContactTest" time="0.002"/>
  <system-out>
    <![CDATA[====>createContactTest<=======START=====
====>createContactTest<=======END=====]]>
  </system-out>
  <testcase classname="practice.testng.createContactUsingDataProviderTest" name="createContactTest" time="0.001"/>
  <system-out>
    <![CDATA[====>createContactTest<=======START=====
====>createContactTest<=======END=====]]>
  </system-out>
</testsuite> <!-- practice.testng.createContactUsingDataProviderTest -->
