<?xml version="1.0" encoding="UTF-8"?>
<!-- Generated by org.testng.reporters.JUnitReportReporter -->
<testsuite hostname="DESKTOP-OQCH81E" failures="0" tests="3" name="practice.testng.SampleReportTest" time="4.840" errors="0" timestamp="2024-11-08T11:06:00 IST" skipped="0">
  <testcase classname="practice.testng.SampleReportTest" name="createContactWithOrg" time="0.001"/>
  <system-out>
    <![CDATA[====>createContactWithOrg<=======START=====
====>createContactWithOrg<=======END=====]]>
  </system-out>
  <testcase classname="practice.testng.SampleReportTest" name="createContactWithPhoneNumber" time="0.000"/>
  <system-out>
    <![CDATA[====>createContactWithPhoneNumber<=======START=====
====>createContactWithPhoneNumber<=======END=====]]>
  </system-out>
  <testcase classname="practice.testng.SampleReportTest" name="createContactTest" time="4.839"/>
  <system-out>
    <![CDATA[====>createContactTest<=======START=====
====>createContactTest<=======END=====]]>
  </system-out>
</testsuite> <!-- practice.testng.SampleReportTest -->
