<?xml version="1.0" encoding="UTF-8"?>
<!-- Generated by org.testng.reporters.JUnitReportReporter -->
<testsuite hostname="DESKTOP-OQCH81E" failures="0" tests="1" name="practice_Products.practice_createproductTest_TC1" time="13.838" errors="0" timestamp="2024-11-08T15:24:12 IST" skipped="0">
  <testcase classname="practice_Products.practice_createproductTest_TC1" name="practice_createprodTest" time="13.838"/>
  <system-out>
    <![CDATA[====>practice_createprodTest<=======START=====
====>practice_createprodTest<=======END=====]]>
  </system-out>
</testsuite> <!-- practice_Products.practice_createproductTest_TC1 -->
