<?xml version="1.0" encoding="UTF-8"?>
<!-- Generated by org.testng.reporters.JUnitReportReporter -->
<testsuite hostname="DESKTOP-OQCH81E" failures="0" tests="1" name="practice_Leads.practice_createLeadsTest_TC4" time="14.346" errors="0" timestamp="2024-11-08T15:24:12 IST" skipped="0">
  <testcase classname="practice_Leads.practice_createLeadsTest_TC4" name="practice_createLeads_Test" time="14.346"/>
  <system-out>
    <![CDATA[====>practice_createLeads_Test<=======START=====
====>practice_createLeads_Test<=======END=====]]>
  </system-out>
</testsuite> <!-- practice_Leads.practice_createLeadsTest_TC4 -->
