<?xml version="1.0" encoding="UTF-8"?>
<!-- Generated by org.testng.reporters.JUnitReportReporter -->
<testsuite hostname="DESKTOP-OQCH81E" failures="0" tests="3" name="com.comcast.crm.contacttest.CreateContact_Org_SupDate_Test" time="61.250" errors="0" timestamp="2024-11-08T12:37:49 IST" skipped="0">
  <testcase classname="com.comcast.crm.contacttest.CreateContact_Org_SupDate_Test" name="createContactWithOrgTest" time="27.057"/>
  <system-out>
    <![CDATA[====>createContactWithOrgTest<=======START=====
====>createContactWithOrgTest<=======END=====]]>
  </system-out>
  <testcase classname="com.comcast.crm.contacttest.CreateContact_Org_SupDate_Test" name="createcontactwithsupportDateTest" time="19.089"/>
  <system-out>
    <![CDATA[====>createcontactwithsupportDateTest<=======START=====
====>createcontactwithsupportDateTest<=======END=====]]>
  </system-out>
  <testcase classname="com.comcast.crm.contacttest.CreateContact_Org_SupDate_Test" name="createContactTest" time="15.104"/>
  <system-out>
    <![CDATA[====>createContactTest<=======START=====
====>createContactTest<=======END=====]]>
  </system-out>
</testsuite> <!-- com.comcast.crm.contacttest.CreateContact_Org_SupDate_Test -->
